mar. 06, 2025 5:17:56 PM liquibase.changelog
INFO: Reading resource: db/changelog/migrations/db.changelog-202408191938.sql
mar. 06, 2025 5:17:56 PM liquibase.changelog
INFO: Reading resource: db/changelog/migrations/db.changelog-202408210954.sql
mar. 06, 2025 5:17:56 PM liquibase.changelog
INFO: Reading resource: db/changelog/migrations/db.changelog-202408211004.sql
mar. 06, 2025 5:17:56 PM liquibase.changelog
INFO: Reading resource: db/changelog/migrations/db.changelog-202408211005.sql
mar. 06, 2025 5:17:56 PM liquibase.changelog
INFO: Reading resource: db/changelog/migrations/db.changelog-202408281807.sql
mar. 06, 2025 5:17:56 PM liquibase.changelog
INFO: Reading from board.databasechangelog
mar. 06, 2025 5:17:56 PM liquibase.lockservice
INFO: Successfully acquired change log lock
mar. 06, 2025 5:17:57 PM liquibase.command
INFO: Using deploymentId: 1292277000
mar. 06, 2025 5:17:57 PM liquibase.changelog
INFO: Reading from board.databasechangelog
Running Changeset: db/changelog/migrations/db.changelog-202408281807.sql::202408191938::kabinha
mar. 06, 2025 5:17:57 PM liquibase.changelog
INFO: Custom SQL executed
mar. 06, 2025 5:17:57 PM liquibase.changelog
INFO: ChangeSet db/changelog/migrations/db.changelog-202408281807.sql::202408191938::kabinha ran successfully in 80ms

UPDATE SUMMARY
Run:                          1
Previously run:               4
Filtered out:                 0
-------------------------------
Total change sets:            5

mar. 06, 2025 5:17:57 PM liquibase.util
INFO: UPDATE SUMMARY
mar. 06, 2025 5:17:57 PM liquibase.util
INFO: Run:                          1
mar. 06, 2025 5:17:57 PM liquibase.util
INFO: Previously run:               4
mar. 06, 2025 5:17:57 PM liquibase.util
INFO: Filtered out:                 0
mar. 06, 2025 5:17:57 PM liquibase.util
INFO: -------------------------------
mar. 06, 2025 5:17:57 PM liquibase.util
INFO: Total change sets:            5
mar. 06, 2025 5:17:57 PM liquibase.util
INFO: Update summary generated
mar. 06, 2025 5:17:57 PM liquibase.command
INFO: Update command completed successfully.
Liquibase: Update has been successful. Rows affected: 1
mar. 06, 2025 5:17:57 PM liquibase.lockservice
INFO: Successfully released change log lock
mar. 06, 2025 5:17:57 PM liquibase.command
INFO: Command execution complete
